app/build/intermediates/manifest_merge_blame_file/debug/manifest-merger-blame-debug-report.txt
1<?xml version="1.0" encoding="utf-8"?>
2<manifest xmlns:android="http://schemas.android.com/apk/res/android"
3    package="com.example.mednow"
4    android:versionCode="1"
5    android:versionName="1.0" >
6
7    <uses-sdk
8        android:minSdkVersion="23"
8-->src\main\AndroidManifest.xml
9        android:targetSdkVersion="29" />
9-->src\main\AndroidManifest.xml
10    <!--
11         The ACCESS_COARSE/FINE_LOCATION permissions are not required to use
12         Google Maps Android API v2, but you must specify either coarse or fine
13         location permissions for the 'MyLocation' functionality.
14    -->
15    <uses-permission android:name="android.permission.READ_EXTERNAL_STORAGE" />
15-->src\main\AndroidManifest.xml:10:5-80
15-->src\main\AndroidManifest.xml:10:22-77
16    <uses-permission android:name="android.permission.WRITE_EXTERNAL_STORAGE" />
16-->src\main\AndroidManifest.xml:11:5-81
16-->src\main\AndroidManifest.xml:11:22-78
17    <uses-permission android:name="android.permission.ACCESS_FINE_LOCATION" />
17-->src\main\AndroidManifest.xml:12:5-79
17-->src\main\AndroidManifest.xml:12:22-76
18    <uses-permission android:name="android.permission.INTERNET" />
18-->src\main\AndroidManifest.xml:13:5-67
18-->src\main\AndroidManifest.xml:13:22-64
19    <uses-permission android:name="android.permission.ACCESS_NETWORK_STATE" />
19-->src\main\AndroidManifest.xml:14:5-79
19-->src\main\AndroidManifest.xml:14:22-76
20    <uses-permission android:name="android.permission.ACCESS_WIFI_STATE" />
20-->src\main\AndroidManifest.xml:15:5-76
20-->src\main\AndroidManifest.xml:15:22-73
21
22    <uses-feature
22-->[com.google.android.gms:play-services-maps:17.0.0] AndroidManifest.xml:26:5-28:35
23        android:glEsVersion="0x00020000"
23-->[com.google.android.gms:play-services-maps:17.0.0] AndroidManifest.xml:27:9-41
24        android:required="true" />
24-->[com.google.android.gms:play-services-maps:17.0.0] AndroidManifest.xml:28:9-32
25
26    <uses-permission android:name="android.permission.WAKE_LOCK" /> <!-- Required by older versions of Google Play services to create IID tokens -->
26-->[com.google.android.gms:play-services-measurement-api:17.4.2] AndroidManifest.xml:24:5-68
26-->[com.google.android.gms:play-services-measurement-api:17.4.2] AndroidManifest.xml:24:22-65
27    <uses-permission android:name="com.google.android.c2dm.permission.RECEIVE" />
27-->[com.google.firebase:firebase-iid:20.1.5] AndroidManifest.xml:26:5-82
27-->[com.google.firebase:firebase-iid:20.1.5] AndroidManifest.xml:26:22-79
28    <uses-permission android:name="com.google.android.finsky.permission.BIND_GET_INSTALL_REFERRER_SERVICE" />
28-->[com.google.android.gms:play-services-measurement:17.4.2] AndroidManifest.xml:26:5-110
28-->[com.google.android.gms:play-services-measurement:17.4.2] AndroidManifest.xml:26:22-107
29
30    <application
30-->src\main\AndroidManifest.xml:17:5-77:19
31        android:allowBackup="true"
31-->src\main\AndroidManifest.xml:18:9-35
32        android:appComponentFactory="androidx.core.app.CoreComponentFactory"
32-->[androidx.core:core:1.1.0] AndroidManifest.xml:24:18-86
33        android:debuggable="true"
34        android:extractNativeLibs="false"
35        android:icon="@mipmap/ic_launcher"
35-->src\main\AndroidManifest.xml:19:9-43
36        android:label="@string/app_name"
36-->src\main\AndroidManifest.xml:20:9-41
37        android:roundIcon="@mipmap/ic_launcher_round"
37-->src\main\AndroidManifest.xml:21:9-54
38        android:supportsRtl="true"
38-->src\main\AndroidManifest.xml:22:9-35
39        android:testOnly="true"
40        android:theme="@style/AppTheme" >
40-->src\main\AndroidManifest.xml:23:9-40
41        <activity android:name="com.example.mednow.Profile" />
41-->src\main\AndroidManifest.xml:25:9-54
41-->src\main\AndroidManifest.xml:25:19-42
42        <activity android:name="com.example.mednow.Help" />
42-->src\main\AndroidManifest.xml:26:9-42
42-->src\main\AndroidManifest.xml:26:19-39
43        <activity android:name="com.example.mednow.PaymentModerator" />
43-->src\main\AndroidManifest.xml:27:9-54
43-->src\main\AndroidManifest.xml:27:19-51
44        <activity
44-->src\main\AndroidManifest.xml:28:9-30:83
45            android:name="com.theartofdev.edmodo.cropper.CropImageActivity"
45-->src\main\AndroidManifest.xml:29:13-76
46            android:theme="@style/Theme.MaterialComponents.Light.DarkActionBar" />
46-->src\main\AndroidManifest.xml:30:13-80
47        <activity android:name="com.example.mednow.UploadPrescription" />
47-->src\main\AndroidManifest.xml:31:9-56
47-->src\main\AndroidManifest.xml:31:19-53
48        <activity android:name="com.example.mednow.ChemistChat" />
48-->src\main\AndroidManifest.xml:32:9-49
48-->src\main\AndroidManifest.xml:32:19-46
49        <activity android:name="com.example.mednow.ChemistInfo" />
49-->src\main\AndroidManifest.xml:33:9-49
49-->src\main\AndroidManifest.xml:33:19-46
50
51        <meta-data
51-->src\main\AndroidManifest.xml:35:9-37:55
52            android:name="com.google.android.geo.API_KEY"
52-->src\main\AndroidManifest.xml:36:13-58
53            android:value="@string/google_maps_key" />
53-->src\main\AndroidManifest.xml:37:13-52
54
55        <activity android:name="com.example.mednow.Home" />
55-->src\main\AndroidManifest.xml:39:9-42
55-->src\main\AndroidManifest.xml:39:19-39
56        <activity android:name="com.example.mednow.Location" />
56-->src\main\AndroidManifest.xml:40:9-46
56-->src\main\AndroidManifest.xml:40:19-43
57        <activity android:name="com.example.mednow.UserInfo" />
57-->src\main\AndroidManifest.xml:41:9-46
57-->src\main\AndroidManifest.xml:41:19-43
58        <activity android:name="com.example.mednow.OtpVerify" />
58-->src\main\AndroidManifest.xml:42:9-47
58-->src\main\AndroidManifest.xml:42:19-44
59        <activity android:name="com.example.mednow.Login" />
59-->src\main\AndroidManifest.xml:43:9-43
59-->src\main\AndroidManifest.xml:43:19-40
60        <activity android:name="com.example.mednow.MainActivity" >
60-->src\main\AndroidManifest.xml:44:9-50:20
60-->src\main\AndroidManifest.xml:44:19-47
61            <intent-filter>
61-->src\main\AndroidManifest.xml:45:13-49:29
62                <action android:name="android.intent.action.MAIN" />
62-->src\main\AndroidManifest.xml:46:17-69
62-->src\main\AndroidManifest.xml:46:25-66
63
64                <category android:name="android.intent.category.LAUNCHER" />
64-->src\main\AndroidManifest.xml:48:17-77
64-->src\main\AndroidManifest.xml:48:27-74
65            </intent-filter>
66        </activity>
67
68        <meta-data
68-->src\main\AndroidManifest.xml:52:9-55:45
69            android:name="com.facebook.sdk.ApplicationId"
69-->src\main\AndroidManifest.xml:53:13-58
70            android:value="@string/facebook_app_id" />
70-->src\main\AndroidManifest.xml:54:13-52
71
72        <activity
72-->src\main\AndroidManifest.xml:57:9-60:48
73            android:name="com.facebook.FacebookActivity"
73-->src\main\AndroidManifest.xml:58:13-57
74            android:configChanges="keyboard|keyboardHidden|screenLayout|screenSize|orientation"
74-->src\main\AndroidManifest.xml:59:13-96
75            android:label="@string/app_name"
75-->src\main\AndroidManifest.xml:60:13-45
76            android:theme="@style/com_facebook_activity_theme" />
76-->[com.facebook.android:facebook-common:5.15.3] AndroidManifest.xml:33:13-63
77        <activity
77-->src\main\AndroidManifest.xml:61:9-72:20
78            android:name="com.facebook.CustomTabActivity"
78-->src\main\AndroidManifest.xml:62:13-58
79            android:exported="true" >
79-->src\main\AndroidManifest.xml:63:13-36
80            <intent-filter>
80-->src\main\AndroidManifest.xml:64:13-71:29
81                <action android:name="android.intent.action.VIEW" />
81-->src\main\AndroidManifest.xml:65:17-69
81-->src\main\AndroidManifest.xml:65:25-66
82
83                <category android:name="android.intent.category.DEFAULT" />
83-->src\main\AndroidManifest.xml:67:17-76
83-->src\main\AndroidManifest.xml:67:27-73
84                <category android:name="android.intent.category.BROWSABLE" />
84-->src\main\AndroidManifest.xml:68:17-78
84-->src\main\AndroidManifest.xml:68:27-75
85
86                <data android:scheme="@string/fb_login_protocol_scheme" />
86-->src\main\AndroidManifest.xml:70:17-75
86-->src\main\AndroidManifest.xml:70:23-72
87            </intent-filter>
88            <intent-filter>
88-->[com.firebaseui:firebase-ui-auth:4.3.1] AndroidManifest.xml:92:13-99:29
89                <action android:name="android.intent.action.VIEW" />
89-->src\main\AndroidManifest.xml:65:17-69
89-->src\main\AndroidManifest.xml:65:25-66
90
91                <category android:name="android.intent.category.DEFAULT" />
91-->src\main\AndroidManifest.xml:67:17-76
91-->src\main\AndroidManifest.xml:67:27-73
92                <category android:name="android.intent.category.BROWSABLE" />
92-->src\main\AndroidManifest.xml:68:17-78
92-->src\main\AndroidManifest.xml:68:27-75
93
94                <data android:scheme="@string/facebook_login_protocol_scheme" />
94-->src\main\AndroidManifest.xml:70:17-75
94-->src\main\AndroidManifest.xml:70:23-72
95            </intent-filter>
96            <intent-filter>
96-->[com.facebook.android:facebook-common:5.15.3] AndroidManifest.xml:39:13-48:29
97                <action android:name="android.intent.action.VIEW" />
97-->src\main\AndroidManifest.xml:65:17-69
97-->src\main\AndroidManifest.xml:65:25-66
98
99                <category android:name="android.intent.category.DEFAULT" />
99-->src\main\AndroidManifest.xml:67:17-76
99-->src\main\AndroidManifest.xml:67:27-73
100                <category android:name="android.intent.category.BROWSABLE" />
100-->src\main\AndroidManifest.xml:68:17-78
100-->src\main\AndroidManifest.xml:68:27-75
101
102                <data
102-->src\main\AndroidManifest.xml:70:17-75
103                    android:host="cct.com.example.mednow"
104                    android:scheme="fbconnect" />
104-->src\main\AndroidManifest.xml:70:23-72
105            </intent-filter>
106        </activity>
107
108        <meta-data
108-->src\main\AndroidManifest.xml:74:9-76:53
109            android:name="com.razorpay.ApiKey"
109-->src\main\AndroidManifest.xml:75:13-47
110            android:value="@string/razor_pay_api" />
110-->src\main\AndroidManifest.xml:76:13-50
111        <meta-data
111-->[com.firebaseui:firebase-ui-auth:4.3.1] AndroidManifest.xml:16:9-18:69
112            android:name="com.google.android.gms.version"
112-->[com.firebaseui:firebase-ui-auth:4.3.1] AndroidManifest.xml:17:13-58
113            android:value="@integer/google_play_services_version" />
113-->[com.firebaseui:firebase-ui-auth:4.3.1] AndroidManifest.xml:18:13-66
114
115        <activity
115-->[com.firebaseui:firebase-ui-auth:4.3.1] AndroidManifest.xml:23:9-27:61
116            android:name="com.firebase.ui.auth.KickoffActivity"
116-->[com.firebaseui:firebase-ui-auth:4.3.1] AndroidManifest.xml:24:13-64
117            android:exported="false"
117-->[com.firebaseui:firebase-ui-auth:4.3.1] AndroidManifest.xml:25:13-37
118            android:label=""
118-->[com.firebaseui:firebase-ui-auth:4.3.1] AndroidManifest.xml:26:13-29
119            android:theme="@style/FirebaseUI.Transparent" />
119-->[com.firebaseui:firebase-ui-auth:4.3.1] AndroidManifest.xml:27:13-58
120        <activity
120-->[com.firebaseui:firebase-ui-auth:4.3.1] AndroidManifest.xml:28:9-32:61
121            android:name="com.firebase.ui.auth.ui.idp.SingleSignInActivity"
121-->[com.firebaseui:firebase-ui-auth:4.3.1] AndroidManifest.xml:29:13-76
122            android:exported="false"
122-->[com.firebaseui:firebase-ui-auth:4.3.1] AndroidManifest.xml:30:13-37
123            android:label=""
123-->[com.firebaseui:firebase-ui-auth:4.3.1] AndroidManifest.xml:31:13-29
124            android:theme="@style/FirebaseUI.Transparent" />
124-->[com.firebaseui:firebase-ui-auth:4.3.1] AndroidManifest.xml:32:13-58
125        <activity
125-->[com.firebaseui:firebase-ui-auth:4.3.1] AndroidManifest.xml:33:9-37:61
126            android:name="com.firebase.ui.auth.ui.credentials.CredentialSaveActivity"
126-->[com.firebaseui:firebase-ui-auth:4.3.1] AndroidManifest.xml:34:13-86
127            android:exported="false"
127-->[com.firebaseui:firebase-ui-auth:4.3.1] AndroidManifest.xml:35:13-37
128            android:label=""
128-->[com.firebaseui:firebase-ui-auth:4.3.1] AndroidManifest.xml:36:13-29
129            android:theme="@style/FirebaseUI.Transparent" />
129-->[com.firebaseui:firebase-ui-auth:4.3.1] AndroidManifest.xml:37:13-58
130        <activity
130-->[com.firebaseui:firebase-ui-auth:4.3.1] AndroidManifest.xml:38:9-42:58
131            android:name="com.firebase.ui.auth.ui.email.RecoverPasswordActivity"
131-->[com.firebaseui:firebase-ui-auth:4.3.1] AndroidManifest.xml:39:13-81
132            android:exported="false"
132-->[com.firebaseui:firebase-ui-auth:4.3.1] AndroidManifest.xml:40:13-37
133            android:label="@string/fui_title_recover_password_activity"
133-->[com.firebaseui:firebase-ui-auth:4.3.1] AndroidManifest.xml:41:13-72
134            android:windowSoftInputMode="adjustResize" />
134-->[com.firebaseui:firebase-ui-auth:4.3.1] AndroidManifest.xml:42:13-55
135        <activity
135-->[com.firebaseui:firebase-ui-auth:4.3.1] AndroidManifest.xml:43:9-47:58
136            android:name="com.firebase.ui.auth.ui.email.EmailActivity"
136-->[com.firebaseui:firebase-ui-auth:4.3.1] AndroidManifest.xml:44:13-71
137            android:exported="false"
137-->[com.firebaseui:firebase-ui-auth:4.3.1] AndroidManifest.xml:45:13-37
138            android:label="@string/fui_sign_in_default"
138-->[com.firebaseui:firebase-ui-auth:4.3.1] AndroidManifest.xml:46:13-56
139            android:windowSoftInputMode="adjustResize" />
139-->[com.firebaseui:firebase-ui-auth:4.3.1] AndroidManifest.xml:47:13-55
140        <activity
140-->[com.firebaseui:firebase-ui-auth:4.3.1] AndroidManifest.xml:48:9-52:77
141            android:name="com.firebase.ui.auth.ui.phone.PhoneActivity"
141-->[com.firebaseui:firebase-ui-auth:4.3.1] AndroidManifest.xml:49:13-71
142            android:exported="false"
142-->[com.firebaseui:firebase-ui-auth:4.3.1] AndroidManifest.xml:50:13-37
143            android:label="@string/fui_sign_in_with_phone_number"
143-->[com.firebaseui:firebase-ui-auth:4.3.1] AndroidManifest.xml:51:13-66
144            android:windowSoftInputMode="adjustResize|stateAlwaysVisible" />
144-->[com.firebaseui:firebase-ui-auth:4.3.1] AndroidManifest.xml:52:13-74
145        <activity
145-->[com.firebaseui:firebase-ui-auth:4.3.1] AndroidManifest.xml:53:9-57:58
146            android:name="com.firebase.ui.auth.ui.idp.WelcomeBackIdpPrompt"
146-->[com.firebaseui:firebase-ui-auth:4.3.1] AndroidManifest.xml:54:13-76
147            android:exported="false"
147-->[com.firebaseui:firebase-ui-auth:4.3.1] AndroidManifest.xml:55:13-37
148            android:label="@string/fui_title_welcome_back_idp_prompt"
148-->[com.firebaseui:firebase-ui-auth:4.3.1] AndroidManifest.xml:56:13-70
149            android:windowSoftInputMode="adjustResize" />
149-->[com.firebaseui:firebase-ui-auth:4.3.1] AndroidManifest.xml:57:13-55
150        <activity
150-->[com.firebaseui:firebase-ui-auth:4.3.1] AndroidManifest.xml:58:9-62:58
151            android:name="com.firebase.ui.auth.ui.email.WelcomeBackPasswordPrompt"
151-->[com.firebaseui:firebase-ui-auth:4.3.1] AndroidManifest.xml:59:13-83
152            android:exported="false"
152-->[com.firebaseui:firebase-ui-auth:4.3.1] AndroidManifest.xml:60:13-37
153            android:label="@string/fui_title_welcome_back_password_prompt"
153-->[com.firebaseui:firebase-ui-auth:4.3.1] AndroidManifest.xml:61:13-75
154            android:windowSoftInputMode="adjustResize" />
154-->[com.firebaseui:firebase-ui-auth:4.3.1] AndroidManifest.xml:62:13-55
155        <activity
155-->[com.firebaseui:firebase-ui-auth:4.3.1] AndroidManifest.xml:63:9-67:58
156            android:name="com.firebase.ui.auth.ui.email.WelcomeBackEmailLinkPrompt"
156-->[com.firebaseui:firebase-ui-auth:4.3.1] AndroidManifest.xml:64:13-84
157            android:exported="false"
157-->[com.firebaseui:firebase-ui-auth:4.3.1] AndroidManifest.xml:65:13-37
158            android:label="@string/fui_title_welcome_back_password_prompt"
158-->[com.firebaseui:firebase-ui-auth:4.3.1] AndroidManifest.xml:66:13-75
159            android:windowSoftInputMode="adjustResize" />
159-->[com.firebaseui:firebase-ui-auth:4.3.1] AndroidManifest.xml:67:13-55
160        <activity
160-->[com.firebaseui:firebase-ui-auth:4.3.1] AndroidManifest.xml:68:9-73:58
161            android:name="com.firebase.ui.auth.ui.email.EmailLinkCatcherActivity"
161-->[com.firebaseui:firebase-ui-auth:4.3.1] AndroidManifest.xml:69:13-82
162            android:exported="false"
162-->[com.firebaseui:firebase-ui-auth:4.3.1] AndroidManifest.xml:70:13-37
163            android:label=""
163-->[com.firebaseui:firebase-ui-auth:4.3.1] AndroidManifest.xml:71:13-29
164            android:theme="@style/FirebaseUI.Transparent"
164-->[com.firebaseui:firebase-ui-auth:4.3.1] AndroidManifest.xml:72:13-58
165            android:windowSoftInputMode="adjustResize" />
165-->[com.firebaseui:firebase-ui-auth:4.3.1] AndroidManifest.xml:73:13-55
166        <activity
166-->[com.firebaseui:firebase-ui-auth:4.3.1] AndroidManifest.xml:74:9-78:58
167            android:name="com.firebase.ui.auth.ui.email.EmailLinkErrorRecoveryActivity"
167-->[com.firebaseui:firebase-ui-auth:4.3.1] AndroidManifest.xml:75:13-88
168            android:exported="false"
168-->[com.firebaseui:firebase-ui-auth:4.3.1] AndroidManifest.xml:76:13-37
169            android:label="@string/fui_sign_in_default"
169-->[com.firebaseui:firebase-ui-auth:4.3.1] AndroidManifest.xml:77:13-56
170            android:windowSoftInputMode="adjustResize" />
170-->[com.firebaseui:firebase-ui-auth:4.3.1] AndroidManifest.xml:78:13-55
171        <activity
171-->[com.firebaseui:firebase-ui-auth:4.3.1] AndroidManifest.xml:79:9-82:65
172            android:name="com.firebase.ui.auth.ui.idp.AuthMethodPickerActivity"
172-->[com.firebaseui:firebase-ui-auth:4.3.1] AndroidManifest.xml:80:13-80
173            android:exported="false"
173-->[com.firebaseui:firebase-ui-auth:4.3.1] AndroidManifest.xml:81:13-37
174            android:label="@string/fui_default_toolbar_title" />
174-->[com.firebaseui:firebase-ui-auth:4.3.1] AndroidManifest.xml:82:13-62
175
176        <provider
176-->[com.firebaseui:firebase-ui-auth:4.3.1] AndroidManifest.xml:102:9-106:38
177            android:name="com.firebase.ui.auth.data.client.AuthUiInitProvider"
177-->[com.firebaseui:firebase-ui-auth:4.3.1] AndroidManifest.xml:103:13-79
178            android:authorities="com.example.mednow.authuiinitprovider"
178-->[com.firebaseui:firebase-ui-auth:4.3.1] AndroidManifest.xml:104:13-70
179            android:exported="false"
179-->[com.firebaseui:firebase-ui-auth:4.3.1] AndroidManifest.xml:105:13-37
180            android:initOrder="90" />
180-->[com.firebaseui:firebase-ui-auth:4.3.1] AndroidManifest.xml:106:13-35
181
182        <activity
182-->[com.karumi:dexter:6.1.2] AndroidManifest.xml:27:9-29:72
183            android:name="com.karumi.dexter.DexterActivity"
183-->[com.karumi:dexter:6.1.2] AndroidManifest.xml:28:13-60
184            android:theme="@style/Dexter.Internal.Theme.Transparent" />
184-->[com.karumi:dexter:6.1.2] AndroidManifest.xml:29:13-69
185        <activity android:name="com.facebook.CustomTabMainActivity" />
185-->[com.facebook.android:facebook-common:5.15.3] AndroidManifest.xml:34:9-71
185-->[com.facebook.android:facebook-common:5.15.3] AndroidManifest.xml:34:19-68
186
187        <service
187-->[com.google.firebase:firebase-crashlytics:17.0.0] AndroidManifest.xml:13:9-19:19
188            android:name="com.google.firebase.components.ComponentDiscoveryService"
188-->[com.google.firebase:firebase-crashlytics:17.0.0] AndroidManifest.xml:14:13-84
189            android:directBootAware="true"
189-->[com.google.firebase:firebase-common:19.3.0] AndroidManifest.xml:34:13-43
190            android:exported="false" >
190-->[com.google.firebase:firebase-crashlytics:17.0.0] AndroidManifest.xml:15:13-37
191            <meta-data
191-->[com.google.firebase:firebase-crashlytics:17.0.0] AndroidManifest.xml:16:13-18:85
192                android:name="com.google.firebase.components:com.google.firebase.crashlytics.CrashlyticsRegistrar"
192-->[com.google.firebase:firebase-crashlytics:17.0.0] AndroidManifest.xml:17:17-115
193                android:value="com.google.firebase.components.ComponentRegistrar" />
193-->[com.google.firebase:firebase-crashlytics:17.0.0] AndroidManifest.xml:18:17-82
194            <meta-data
194-->[com.google.firebase:firebase-auth:19.3.1] AndroidManifest.xml:36:13-38:85
195                android:name="com.google.firebase.components:com.google.firebase.auth.FirebaseAuthRegistrar"
195-->[com.google.firebase:firebase-auth:19.3.1] AndroidManifest.xml:37:17-109
196                android:value="com.google.firebase.components.ComponentRegistrar" />
196-->[com.google.firebase:firebase-auth:19.3.1] AndroidManifest.xml:38:17-82
197            <meta-data
197-->[com.google.firebase:firebase-database:19.3.0] AndroidManifest.xml:32:13-34:85
198                android:name="com.google.firebase.components:com.google.firebase.database.DatabaseRegistrar"
198-->[com.google.firebase:firebase-database:19.3.0] AndroidManifest.xml:33:17-109
199                android:value="com.google.firebase.components.ComponentRegistrar" />
199-->[com.google.firebase:firebase-database:19.3.0] AndroidManifest.xml:34:17-82
200            <meta-data
200-->[com.google.firebase:firebase-storage:19.1.1] AndroidManifest.xml:33:13-35:85
201                android:name="com.google.firebase.components:com.google.firebase.storage.StorageRegistrar"
201-->[com.google.firebase:firebase-storage:19.1.1] AndroidManifest.xml:34:17-107
202                android:value="com.google.firebase.components.ComponentRegistrar" />
202-->[com.google.firebase:firebase-storage:19.1.1] AndroidManifest.xml:35:17-82
203            <meta-data
203-->[com.google.android.gms:play-services-measurement-api:17.4.2] AndroidManifest.xml:30:13-32:85
204                android:name="com.google.firebase.components:com.google.firebase.analytics.connector.internal.AnalyticsConnectorRegistrar"
204-->[com.google.android.gms:play-services-measurement-api:17.4.2] AndroidManifest.xml:31:17-139
205                android:value="com.google.firebase.components.ComponentRegistrar" />
205-->[com.google.android.gms:play-services-measurement-api:17.4.2] AndroidManifest.xml:32:17-82
206            <meta-data
206-->[com.google.firebase:firebase-iid:20.1.5] AndroidManifest.xml:32:13-34:85
207                android:name="com.google.firebase.components:com.google.firebase.iid.Registrar"
207-->[com.google.firebase:firebase-iid:20.1.5] AndroidManifest.xml:33:17-96
208                android:value="com.google.firebase.components.ComponentRegistrar" />
208-->[com.google.firebase:firebase-iid:20.1.5] AndroidManifest.xml:34:17-82
209            <meta-data
209-->[com.google.firebase:firebase-installations:16.2.1] AndroidManifest.xml:17:13-19:85
210                android:name="com.google.firebase.components:com.google.firebase.installations.FirebaseInstallationsRegistrar"
210-->[com.google.firebase:firebase-installations:16.2.1] AndroidManifest.xml:18:17-127
211                android:value="com.google.firebase.components.ComponentRegistrar" />
211-->[com.google.firebase:firebase-installations:16.2.1] AndroidManifest.xml:19:17-82
212        </service>
213
214        <activity
214-->[com.google.firebase:firebase-auth:19.3.1] AndroidManifest.xml:24:9-31:50
215            android:name="com.google.firebase.auth.internal.FederatedSignInActivity"
215-->[com.google.firebase:firebase-auth:19.3.1] AndroidManifest.xml:25:13-85
216            android:excludeFromRecents="true"
216-->[com.google.firebase:firebase-auth:19.3.1] AndroidManifest.xml:26:13-46
217            android:exported="true"
217-->[com.google.firebase:firebase-auth:19.3.1] AndroidManifest.xml:27:13-36
218            android:launchMode="singleTask"
218-->[com.google.firebase:firebase-auth:19.3.1] AndroidManifest.xml:28:13-44
219            android:permission="com.google.firebase.auth.api.gms.permission.LAUNCH_FEDERATED_SIGN_IN"
219-->[com.google.firebase:firebase-auth:19.3.1] AndroidManifest.xml:29:13-102
220            android:theme="@android:style/Theme.Translucent.NoTitleBar" /> <!-- Needs to be explicitly declared on P+ -->
220-->[com.google.firebase:firebase-auth:19.3.1] AndroidManifest.xml:30:13-72
221        <uses-library
221-->[com.google.android.gms:play-services-maps:17.0.0] AndroidManifest.xml:33:9-35:40
222            android:name="org.apache.http.legacy"
222-->[com.google.android.gms:play-services-maps:17.0.0] AndroidManifest.xml:34:13-50
223            android:required="false" />
223-->[com.google.android.gms:play-services-maps:17.0.0] AndroidManifest.xml:35:13-37
224
225        <receiver android:name="com.razorpay.RzpTokenReceiver" >
225-->[com.razorpay:checkout:1.5.17] AndroidManifest.xml:12:9-16:20
225-->[com.razorpay:checkout:1.5.17] AndroidManifest.xml:12:19-63
226            <intent-filter>
226-->[com.razorpay:checkout:1.5.17] AndroidManifest.xml:13:13-15:29
227                <action android:name="rzp.device_token.share" />
227-->[com.razorpay:checkout:1.5.17] AndroidManifest.xml:14:17-65
227-->[com.razorpay:checkout:1.5.17] AndroidManifest.xml:14:25-62
228            </intent-filter>
229        </receiver>
230
231        <activity
231-->[com.razorpay:checkout:1.5.17] AndroidManifest.xml:18:9-29:20
232            android:name="com.razorpay.CheckoutActivity"
232-->[com.razorpay:checkout:1.5.17] AndroidManifest.xml:19:13-57
233            android:configChanges="keyboard|keyboardHidden|orientation|screenSize"
233-->[com.razorpay:checkout:1.5.17] AndroidManifest.xml:20:13-83
234            android:theme="@style/CheckoutTheme" >
234-->[com.razorpay:checkout:1.5.17] AndroidManifest.xml:21:13-49
235            <intent-filter>
235-->[com.razorpay:checkout:1.5.17] AndroidManifest.xml:22:13-28:29
236                <action android:name="android.intent.action.MAIN" />
236-->src\main\AndroidManifest.xml:46:17-69
236-->src\main\AndroidManifest.xml:46:25-66
237
238                <data
238-->src\main\AndroidManifest.xml:70:17-75
239                    android:host="rzp.io"
240                    android:scheme="io.rzp" />
240-->src\main\AndroidManifest.xml:70:23-72
241            </intent-filter>
242        </activity>
243
244        <receiver
244-->[com.google.firebase:firebase-iid:20.1.5] AndroidManifest.xml:37:9-44:20
245            android:name="com.google.firebase.iid.FirebaseInstanceIdReceiver"
245-->[com.google.firebase:firebase-iid:20.1.5] AndroidManifest.xml:38:13-78
246            android:exported="true"
246-->[com.google.firebase:firebase-iid:20.1.5] AndroidManifest.xml:39:13-36
247            android:permission="com.google.android.c2dm.permission.SEND" >
247-->[com.google.firebase:firebase-iid:20.1.5] AndroidManifest.xml:40:13-73
248            <intent-filter>
248-->[com.google.firebase:firebase-iid:20.1.5] AndroidManifest.xml:41:13-43:29
249                <action android:name="com.google.android.c2dm.intent.RECEIVE" />
249-->[com.google.firebase:firebase-iid:20.1.5] AndroidManifest.xml:42:17-81
249-->[com.google.firebase:firebase-iid:20.1.5] AndroidManifest.xml:42:25-78
250            </intent-filter>
251        </receiver>
252
253        <activity
253-->[com.google.android.gms:play-services-auth:16.0.1] AndroidManifest.xml:23:9-27:75
254            android:name="com.google.android.gms.auth.api.signin.internal.SignInHubActivity"
254-->[com.google.android.gms:play-services-auth:16.0.1] AndroidManifest.xml:24:13-93
255            android:excludeFromRecents="true"
255-->[com.google.android.gms:play-services-auth:16.0.1] AndroidManifest.xml:25:13-46
256            android:exported="false"
256-->[com.google.android.gms:play-services-auth:16.0.1] AndroidManifest.xml:26:13-37
257            android:theme="@android:style/Theme.Translucent.NoTitleBar" />
257-->[com.google.android.gms:play-services-auth:16.0.1] AndroidManifest.xml:27:13-72
258        <!--
259            Service handling Google Sign-In user revocation. For apps that do not integrate with
260            Google Sign-In, this service will never be started.
261        -->
262        <service
262-->[com.google.android.gms:play-services-auth:16.0.1] AndroidManifest.xml:33:9-36:110
263            android:name="com.google.android.gms.auth.api.signin.RevocationBoundService"
263-->[com.google.android.gms:play-services-auth:16.0.1] AndroidManifest.xml:34:13-89
264            android:exported="true"
264-->[com.google.android.gms:play-services-auth:16.0.1] AndroidManifest.xml:35:13-36
265            android:permission="com.google.android.gms.auth.api.signin.permission.REVOCATION_NOTIFICATION" />
265-->[com.google.android.gms:play-services-auth:16.0.1] AndroidManifest.xml:36:13-107
266
267        <activity
267-->[com.google.android.gms:play-services-base:17.1.0] AndroidManifest.xml:23:9-26:75
268            android:name="com.google.android.gms.common.api.GoogleApiActivity"
268-->[com.google.android.gms:play-services-base:17.1.0] AndroidManifest.xml:24:13-79
269            android:exported="false"
269-->[com.google.android.gms:play-services-base:17.1.0] AndroidManifest.xml:25:13-37
270            android:theme="@android:style/Theme.Translucent.NoTitleBar" />
270-->[com.google.android.gms:play-services-base:17.1.0] AndroidManifest.xml:26:13-72
271
272        <receiver
272-->[com.google.android.gms:play-services-measurement:17.4.2] AndroidManifest.xml:29:9-33:20
273            android:name="com.google.android.gms.measurement.AppMeasurementReceiver"
273-->[com.google.android.gms:play-services-measurement:17.4.2] AndroidManifest.xml:30:13-85
274            android:enabled="true"